2023-05-15 00:05:417 INFO  HomePage :35 - Click on computer menu[[ChromeDriver: chrome on WINDOWS (e17b3e31b6a5f8b67c9160b0e0ddf6fb)] -> xpath: //ul[1]/li/a[text()='Computers ']]
2023-05-15 00:05:301 INFO  ComputersPage :18 - Click on desktops[[ChromeDriver: chrome on WINDOWS (e17b3e31b6a5f8b67c9160b0e0ddf6fb)] -> xpath: //img[@alt='Picture for category Desktops']]
2023-05-15 00:05:693 INFO  DesktopsPage :32 - Select sort A to Z[[ChromeDriver: chrome on WINDOWS (e17b3e31b6a5f8b67c9160b0e0ddf6fb)] -> name: products-orderby]
2023-05-15 01:05:739 INFO  HomePage :35 - Click on computer menu[[ChromeDriver: chrome on WINDOWS (8a9f9564451efdd4aec9589915fd5715)] -> xpath: //ul[1]/li/a[text()='Computers ']]
2023-05-15 01:05:631 INFO  ComputersPage :18 - Click on desktops[[ChromeDriver: chrome on WINDOWS (8a9f9564451efdd4aec9589915fd5715)] -> xpath: //img[@alt='Picture for category Desktops']]
2023-05-15 01:05:14 INFO  DesktopsPage :32 - Select sort A to Z[[ChromeDriver: chrome on WINDOWS (8a9f9564451efdd4aec9589915fd5715)] -> name: products-orderby]
2023-05-15 01:05:938 INFO  HomePage :35 - Click on computer menu[[ChromeDriver: chrome on WINDOWS (5973a34ce9f240c0080a28f39eee58e6)] -> xpath: //ul[1]/li/a[text()='Computers ']]
2023-05-15 01:05:833 INFO  ComputersPage :18 - Click on desktops[[ChromeDriver: chrome on WINDOWS (5973a34ce9f240c0080a28f39eee58e6)] -> xpath: //img[@alt='Picture for category Desktops']]
2023-05-15 01:05:215 INFO  DesktopsPage :32 - Select sort A to Z[[ChromeDriver: chrome on WINDOWS (5973a34ce9f240c0080a28f39eee58e6)] -> name: products-orderby]
2023-05-15 01:05:493 INFO  HomePage :35 - Click on computer menu[[ChromeDriver: chrome on WINDOWS (fb5752d9d121ed5175eded947e3e0dcb)] -> xpath: //ul[1]/li/a[text()='Computers ']]
2023-05-15 01:05:446 INFO  ComputersPage :18 - Click on desktops[[ChromeDriver: chrome on WINDOWS (fb5752d9d121ed5175eded947e3e0dcb)] -> xpath: //img[@alt='Picture for category Desktops']]
2023-05-15 01:05:816 INFO  DesktopsPage :32 - Select sort A to Z[[ChromeDriver: chrome on WINDOWS (fb5752d9d121ed5175eded947e3e0dcb)] -> name: products-orderby]
2023-05-15 01:05:637 INFO  HomePage :35 - Click on computer menu[[ChromeDriver: chrome on WINDOWS (4ec42892ac500d0586e633234d673b59)] -> xpath: //ul[1]/li/a[text()='Computers ']]
2023-05-15 01:05:549 INFO  ComputersPage :18 - Click on desktops[[ChromeDriver: chrome on WINDOWS (4ec42892ac500d0586e633234d673b59)] -> xpath: //img[@alt='Picture for category Desktops']]
2023-05-15 01:05:904 INFO  DesktopsPage :32 - Select sort A to Z[[ChromeDriver: chrome on WINDOWS (4ec42892ac500d0586e633234d673b59)] -> name: products-orderby]
2023-05-15 01:05:552 INFO  HomePage :35 - Click on computer menu[[ChromeDriver: chrome on WINDOWS (c030fc2dcd6967a90c6cf96a38115445)] -> xpath: //ul[1]/li/a[text()='Computers ']]
2023-05-15 01:05:468 INFO  ComputersPage :18 - Click on desktops[[ChromeDriver: chrome on WINDOWS (c030fc2dcd6967a90c6cf96a38115445)] -> xpath: //img[@alt='Picture for category Desktops']]
2023-05-15 01:05:893 INFO  DesktopsPage :32 - Select sort A to Z[[ChromeDriver: chrome on WINDOWS (c030fc2dcd6967a90c6cf96a38115445)] -> name: products-orderby]
2023-05-15 01:05:768 INFO  HomePage :45 - Hover on electronic[[ChromeDriver: chrome on WINDOWS (b50e87eeb802a5b176c9f2e9c420072b)] -> xpath: //a[text()='Electronics ']]
2023-05-15 01:05:973 INFO  HomePage :50 - Click on cell phones[[ChromeDriver: chrome on WINDOWS (b50e87eeb802a5b176c9f2e9c420072b)] -> xpath: //ul[1]/li[2]/ul[1]/li[2]/a[1]]
2023-05-15 01:05:842 INFO  CellPhonesPage :50 - Get cell phone text[[ChromeDriver: chrome on WINDOWS (b50e87eeb802a5b176c9f2e9c420072b)] -> xpath: //h1[text()='Cell phones']]
2023-05-15 01:05:395 INFO  HomePage :35 - Click on computer menu[[ChromeDriver: chrome on WINDOWS (03c0ae9a58bb975fb3a9f747df6c4231)] -> xpath: //ul[1]/li/a[text()='Computers ']]
2023-05-15 01:05:353 INFO  ComputersPage :18 - Click on desktops[[ChromeDriver: chrome on WINDOWS (03c0ae9a58bb975fb3a9f747df6c4231)] -> xpath: //img[@alt='Picture for category Desktops']]
2023-05-15 01:05:759 INFO  DesktopsPage :27 - Select sort Z to A[[ChromeDriver: chrome on WINDOWS (03c0ae9a58bb975fb3a9f747df6c4231)] -> name: products-orderby]
2023-05-15 01:05:568 INFO  HomePage :45 - Hover on electronic[[ChromeDriver: chrome on WINDOWS (5f16d8b5611f281039b572f5a6812675)] -> xpath: //a[text()='Electronics ']]
2023-05-15 01:05:754 INFO  HomePage :50 - Click on cell phones[[ChromeDriver: chrome on WINDOWS (5f16d8b5611f281039b572f5a6812675)] -> xpath: //ul[1]/li[2]/ul[1]/li[2]/a[1]]
2023-05-15 01:05:655 INFO  CellPhonesPage :50 - Get cell phone text[[ChromeDriver: chrome on WINDOWS (5f16d8b5611f281039b572f5a6812675)] -> xpath: //h1[text()='Cell phones']]
2023-05-15 01:05:493 INFO  TopMenuPage :42 - Verify Computer text[[ChromeDriver: chrome on WINDOWS (68ac834b49666e5b6de15226b71a653a)] -> xpath: //a[@href='/computers']]
2023-05-15 01:05:265 INFO  HomePage :35 - Click on computer menu[[ChromeDriver: chrome on WINDOWS (a6fab904b801760c23f601d7069c6d4e)] -> xpath: //ul[1]/li/a[text()='Computers ']]
2023-05-15 01:05:211 INFO  ComputersPage :18 - Click on desktops[[ChromeDriver: chrome on WINDOWS (a6fab904b801760c23f601d7069c6d4e)] -> xpath: //img[@alt='Picture for category Desktops']]
2023-05-15 01:05:564 INFO  DesktopsPage :32 - Select sort A to Z[[ChromeDriver: chrome on WINDOWS (a6fab904b801760c23f601d7069c6d4e)] -> name: products-orderby]
2023-05-15 01:05:748 INFO  DesktopsPage :37 - CLick on add to cart button[[ChromeDriver: chrome on WINDOWS (a6fab904b801760c23f601d7069c6d4e)] -> xpath: //body/div[6]/div[3]/div[1]/div[3]/div[1]/div[2]/div[2]/div[2]/div[1]/div[1]/div[1]/div[1]/div[2]/div[3]/div[2]/button[1]]
2023-05-15 01:05:92 INFO  BuildYourOwnComputerPage :60 - Get build your own computer text[[ChromeDriver: chrome on WINDOWS (a6fab904b801760c23f601d7069c6d4e)] -> xpath: //h1[text()='Build your own computer']]
2023-05-15 01:05:65 INFO  HomePage :45 - Hover on electronic[[ChromeDriver: chrome on WINDOWS (5d6bf59119d885203880d10501252941)] -> xpath: //a[text()='Electronics ']]
2023-05-15 01:05:277 INFO  HomePage :50 - Click on cell phones[[ChromeDriver: chrome on WINDOWS (5d6bf59119d885203880d10501252941)] -> xpath: //ul[1]/li[2]/ul[1]/li[2]/a[1]]
2023-05-15 01:05:758 INFO  CellPhonesPage :50 - Get cell phone text[[ChromeDriver: chrome on WINDOWS (5d6bf59119d885203880d10501252941)] -> xpath: //h1[text()='Cell phones']]
2023-05-15 01:05:585 INFO  TopMenuPage :47 - Verify electronics text[[ChromeDriver: chrome on WINDOWS (5224f301ad4b1a6cb7afdaab70c31190)] -> xpath: //a[@href='/electronics']]
2023-05-15 11:05:05 INFO  HomePage :35 - Click on computer menu[[ChromeDriver: chrome on WINDOWS (dc337794f1f35189241dcfd1c39574cf)] -> xpath: //ul[1]/li/a[text()='Computers ']]
2023-05-15 11:05:56 INFO  ComputersPage :18 - Click on desktops[[ChromeDriver: chrome on WINDOWS (dc337794f1f35189241dcfd1c39574cf)] -> xpath: //img[@alt='Picture for category Desktops']]
2023-05-15 11:05:500 INFO  DesktopsPage :27 - Select sort Z to A[[ChromeDriver: chrome on WINDOWS (dc337794f1f35189241dcfd1c39574cf)] -> name: products-orderby]
2023-05-15 11:05:140 INFO  HomePage :45 - Hover on electronic[[ChromeDriver: chrome on WINDOWS (ccdc311d6291c8fe70676aff664d481e)] -> xpath: //a[text()='Electronics ']]
2023-05-15 11:05:344 INFO  HomePage :50 - Click on cell phones[[ChromeDriver: chrome on WINDOWS (ccdc311d6291c8fe70676aff664d481e)] -> xpath: //ul[1]/li[2]/ul[1]/li[2]/a[1]]
2023-05-15 11:05:330 INFO  CellPhonesPage :50 - Get cell phone text[[ChromeDriver: chrome on WINDOWS (ccdc311d6291c8fe70676aff664d481e)] -> xpath: //h1[text()='Cell phones']]
2023-05-15 11:05:649 INFO  TopMenuPage :42 - Verify Computer text[[ChromeDriver: chrome on WINDOWS (15901d3364c2f746a6e41fa4cfc59122)] -> xpath: //a[@href='/computers']]
2023-05-15 12:05:145 INFO  HomePage :35 - Click on computer menu[[ChromeDriver: chrome on WINDOWS (c036de2f2d9176e3d28f3191b38eff73)] -> xpath: //ul[1]/li/a[text()='Computers ']]
2023-05-15 12:05:280 INFO  ComputersPage :18 - Click on desktops[[ChromeDriver: chrome on WINDOWS (c036de2f2d9176e3d28f3191b38eff73)] -> xpath: //img[@alt='Picture for category Desktops']]
2023-05-15 12:05:761 INFO  DesktopsPage :32 - Select sort A to Z[[ChromeDriver: chrome on WINDOWS (c036de2f2d9176e3d28f3191b38eff73)] -> name: products-orderby]
2023-05-15 12:05:970 INFO  DesktopsPage :37 - CLick on add to cart button[[ChromeDriver: chrome on WINDOWS (c036de2f2d9176e3d28f3191b38eff73)] -> xpath: //body/div[6]/div[3]/div[1]/div[3]/div[1]/div[2]/div[2]/div[2]/div[1]/div[1]/div[1]/div[1]/div[2]/div[3]/div[2]/button[1]]
2023-05-15 12:05:467 INFO  BuildYourOwnComputerPage :60 - Get build your own computer text[[ChromeDriver: chrome on WINDOWS (c036de2f2d9176e3d28f3191b38eff73)] -> xpath: //h1[text()='Build your own computer']]
2023-05-15 12:05:537 INFO  HomePage :45 - Hover on electronic[[ChromeDriver: chrome on WINDOWS (76ac97a174f7b63cbae92d42d7ad9d4c)] -> xpath: //a[text()='Electronics ']]
2023-05-15 12:05:777 INFO  HomePage :50 - Click on cell phones[[ChromeDriver: chrome on WINDOWS (76ac97a174f7b63cbae92d42d7ad9d4c)] -> xpath: //ul[1]/li[2]/ul[1]/li[2]/a[1]]
2023-05-15 12:05:884 INFO  CellPhonesPage :50 - Get cell phone text[[ChromeDriver: chrome on WINDOWS (76ac97a174f7b63cbae92d42d7ad9d4c)] -> xpath: //h1[text()='Cell phones']]
2023-05-15 12:05:187 INFO  TopMenuPage :47 - Verify electronics text[[ChromeDriver: chrome on WINDOWS (f0a241bbefd09c75bd8091276bab0fe2)] -> xpath: //a[@href='/electronics']]
2023-05-16 15:05:884 INFO  HomePage :35 - Click on computer menu[[ChromeDriver: chrome on WINDOWS (32c313be157a24518cce8c6e9a595277)] -> xpath: //ul[1]/li/a[text()='Computers ']]
2023-05-16 15:05:845 INFO  ComputersPage :18 - Click on desktops[[ChromeDriver: chrome on WINDOWS (32c313be157a24518cce8c6e9a595277)] -> xpath: //img[@alt='Picture for category Desktops']]
2023-05-16 15:05:658 INFO  DesktopsPage :27 - Select sort Z to A[[ChromeDriver: chrome on WINDOWS (32c313be157a24518cce8c6e9a595277)] -> name: products-orderby]
2023-05-16 15:05:962 INFO  HomePage :35 - Click on computer menu[[ChromeDriver: chrome on WINDOWS (28b57346f41da42cbce25649fa7c8d7a)] -> xpath: //ul[1]/li/a[text()='Computers ']]
2023-05-16 15:05:941 INFO  ComputersPage :18 - Click on desktops[[ChromeDriver: chrome on WINDOWS (28b57346f41da42cbce25649fa7c8d7a)] -> xpath: //img[@alt='Picture for category Desktops']]
2023-05-16 15:05:315 INFO  DesktopsPage :32 - Select sort A to Z[[ChromeDriver: chrome on WINDOWS (28b57346f41da42cbce25649fa7c8d7a)] -> name: products-orderby]
2023-05-16 15:05:452 INFO  DesktopsPage :37 - CLick on add to cart button[[ChromeDriver: chrome on WINDOWS (28b57346f41da42cbce25649fa7c8d7a)] -> xpath: //body/div[6]/div[3]/div[1]/div[3]/div[1]/div[2]/div[2]/div[2]/div[1]/div[1]/div[1]/div[1]/div[2]/div[3]/div[2]/button[1]]
2023-05-16 15:05:551 INFO  BuildYourOwnComputerPage :60 - Get build your own computer text[[ChromeDriver: chrome on WINDOWS (28b57346f41da42cbce25649fa7c8d7a)] -> xpath: //h1[text()='Build your own computer']]
2023-05-16 15:05:464 INFO  HomePage :45 - Hover on electronic[[ChromeDriver: chrome on WINDOWS (68cf3e8607d4c8e63babda0b24883d95)] -> xpath: //a[text()='Electronics ']]
2023-05-16 15:05:657 INFO  HomePage :50 - Click on cell phones[[ChromeDriver: chrome on WINDOWS (68cf3e8607d4c8e63babda0b24883d95)] -> xpath: //ul[1]/li[2]/ul[1]/li[2]/a[1]]
2023-05-16 15:05:143 INFO  CellPhonesPage :50 - Get cell phone text[[ChromeDriver: chrome on WINDOWS (68cf3e8607d4c8e63babda0b24883d95)] -> xpath: //h1[text()='Cell phones']]
2023-05-16 15:05:908 INFO  HomePage :45 - Hover on electronic[[ChromeDriver: chrome on WINDOWS (3436030f696cf3788f0a3bbe45651356)] -> xpath: //a[text()='Electronics ']]
2023-05-16 15:05:88 INFO  HomePage :50 - Click on cell phones[[ChromeDriver: chrome on WINDOWS (3436030f696cf3788f0a3bbe45651356)] -> xpath: //ul[1]/li[2]/ul[1]/li[2]/a[1]]
2023-05-16 15:05:11 INFO  CellPhonesPage :50 - Get cell phone text[[ChromeDriver: chrome on WINDOWS (3436030f696cf3788f0a3bbe45651356)] -> xpath: //h1[text()='Cell phones']]
2023-05-16 15:05:706 INFO  TopMenuPage :42 - Verify Computer text[[ChromeDriver: chrome on WINDOWS (ec9ab574026082e1fadf88d9c7b44667)] -> xpath: //a[@href='/computers']]
2023-05-16 15:05:595 INFO  TopMenuPage :47 - Verify electronics text[[ChromeDriver: chrome on WINDOWS (46e4d7df47a61a1b7377bdb3e42f85aa)] -> xpath: //a[@href='/electronics']]
2023-05-16 15:05:905 INFO  TopMenuPage :52 - Verify apparel text[[ChromeDriver: chrome on WINDOWS (35eb18cc51bfa14df5a162f404d956a4)] -> xpath: //a[@href='/apparel']]
2023-05-16 15:05:825 INFO  HomePage :35 - Click on computer menu[[ChromeDriver: chrome on WINDOWS (785de9a6a536ea847f86bb395d8b104b)] -> xpath: //ul[1]/li/a[text()='Computers ']]
2023-05-16 15:05:732 INFO  ComputersPage :18 - Click on desktops[[ChromeDriver: chrome on WINDOWS (785de9a6a536ea847f86bb395d8b104b)] -> xpath: //img[@alt='Picture for category Desktops']]
2023-05-16 15:05:123 INFO  DesktopsPage :27 - Select sort Z to A[[ChromeDriver: chrome on WINDOWS (785de9a6a536ea847f86bb395d8b104b)] -> name: products-orderby]
2023-05-16 15:05:879 INFO  HomePage :35 - Click on computer menu[[ChromeDriver: chrome on WINDOWS (e7c001720201a035cc371ac62628f219)] -> xpath: //ul[1]/li/a[text()='Computers ']]
2023-05-16 15:05:339 INFO  ComputersPage :18 - Click on desktops[[ChromeDriver: chrome on WINDOWS (e7c001720201a035cc371ac62628f219)] -> xpath: //img[@alt='Picture for category Desktops']]
2023-05-16 15:05:720 INFO  DesktopsPage :32 - Select sort A to Z[[ChromeDriver: chrome on WINDOWS (e7c001720201a035cc371ac62628f219)] -> name: products-orderby]
2023-05-16 15:05:843 INFO  DesktopsPage :37 - CLick on add to cart button[[ChromeDriver: chrome on WINDOWS (e7c001720201a035cc371ac62628f219)] -> xpath: //body/div[6]/div[3]/div[1]/div[3]/div[1]/div[2]/div[2]/div[2]/div[1]/div[1]/div[1]/div[1]/div[2]/div[3]/div[2]/button[1]]
2023-05-16 15:05:991 INFO  BuildYourOwnComputerPage :60 - Get build your own computer text[[ChromeDriver: chrome on WINDOWS (e7c001720201a035cc371ac62628f219)] -> xpath: //h1[text()='Build your own computer']]
2023-05-16 15:05:45 INFO  BuildYourOwnComputerPage :65 - Select processor[[ChromeDriver: chrome on WINDOWS (e7c001720201a035cc371ac62628f219)] -> name: product_attribute_1]
2023-05-16 15:05:175 INFO  BuildYourOwnComputerPage :70 - Select ram[[ChromeDriver: chrome on WINDOWS (e7c001720201a035cc371ac62628f219)] -> name: product_attribute_2]
2023-05-16 15:05:267 INFO  BuildYourOwnComputerPage :75 - Select hdd[[ChromeDriver: chrome on WINDOWS (e7c001720201a035cc371ac62628f219)] -> id: product_attribute_3_7]
2023-05-16 15:05:334 INFO  BuildYourOwnComputerPage :80 - Select vista premium Os[[ChromeDriver: chrome on WINDOWS (e7c001720201a035cc371ac62628f219)] -> id: product_attribute_4_9]
2023-05-16 15:05:397 INFO  BuildYourOwnComputerPage :85 - Click on total command[[ChromeDriver: chrome on WINDOWS (e7c001720201a035cc371ac62628f219)] -> id: product_attribute_5_12]
2023-05-16 15:05:466 INFO  BuildYourOwnComputerPage :90 - Get price[[ChromeDriver: chrome on WINDOWS (e7c001720201a035cc371ac62628f219)] -> id: price-value-1]
2023-05-16 15:05:498 INFO  BuildYourOwnComputerPage :95 - Click on add to cart[[ChromeDriver: chrome on WINDOWS (e7c001720201a035cc371ac62628f219)] -> id: add-to-cart-button-1]
2023-05-16 15:05:814 INFO  BuildYourOwnComputerPage :100 - Get product added text[[ChromeDriver: chrome on WINDOWS (e7c001720201a035cc371ac62628f219)] -> xpath: //body/div[@id='bar-notification']/div[1]/p[1]]
2023-05-16 15:05:846 INFO  BuildYourOwnComputerPage :105 - Click on close button[[ChromeDriver: chrome on WINDOWS (e7c001720201a035cc371ac62628f219)] -> xpath: //span[@class='close']]
2023-05-16 15:05:895 INFO  BuildYourOwnComputerPage :110 - Mouse hover on shopping cart[[ChromeDriver: chrome on WINDOWS (e7c001720201a035cc371ac62628f219)] -> xpath: //span[@class='cart-label']]
2023-05-16 15:05:47 INFO  BuildYourOwnComputerPage :115 - Click on go to cart button[[ChromeDriver: chrome on WINDOWS (e7c001720201a035cc371ac62628f219)] -> xpath: //button[contains(text(),'Go to cart')]]
2023-05-16 15:05:432 INFO  CartPage :73 - Get shopping cart text[[ChromeDriver: chrome on WINDOWS (e7c001720201a035cc371ac62628f219)] -> xpath: //h1[text()='Shopping cart']]
2023-05-16 15:05:463 INFO  CartPage :78 - Change quantity[[ChromeDriver: chrome on WINDOWS (e7c001720201a035cc371ac62628f219)] -> xpath: //input[@value='1']]
2023-05-16 15:05:590 INFO  CartPage :84 - Click on update cart[[ChromeDriver: chrome on WINDOWS (e7c001720201a035cc371ac62628f219)] -> id: updatecart]
2023-05-16 15:05:35 INFO  CartPage :89 - Get total[[ChromeDriver: chrome on WINDOWS (e7c001720201a035cc371ac62628f219)] -> xpath: //tbody/tr[1]/td[6]/span[1]]
2023-05-16 15:05:67 INFO  CartPage :94 - Click on check box[[ChromeDriver: chrome on WINDOWS (e7c001720201a035cc371ac62628f219)] -> xpath: //input[@id='termsofservice']]
2023-05-16 15:05:139 INFO  CartPage :99 - Click on checkout button[[ChromeDriver: chrome on WINDOWS (e7c001720201a035cc371ac62628f219)] -> xpath: //button[@id='checkout']]
2023-05-16 15:05:687 INFO  CartPage :104 - Get welcome text[[ChromeDriver: chrome on WINDOWS (e7c001720201a035cc371ac62628f219)] -> xpath: //h1[text()='Welcome, Please Sign In!']]
2023-05-16 15:05:714 INFO  CartPage :109 - Click on checkout as guest[[ChromeDriver: chrome on WINDOWS (e7c001720201a035cc371ac62628f219)] -> xpath: //button[@class='button-1 checkout-as-guest-button']]
2023-05-16 15:05:342 INFO  CheckoutPage :82 - Enter first name[[ChromeDriver: chrome on WINDOWS (e7c001720201a035cc371ac62628f219)] -> id: BillingNewAddress_FirstName]
2023-05-16 15:05:416 INFO  CheckoutPage :84 - Enter last name[[ChromeDriver: chrome on WINDOWS (e7c001720201a035cc371ac62628f219)] -> id: BillingNewAddress_LastName]
2023-05-16 15:05:483 INFO  CheckoutPage :86 - Enter email id[[ChromeDriver: chrome on WINDOWS (e7c001720201a035cc371ac62628f219)] -> id: BillingNewAddress_Email]
2023-05-16 15:05:529 INFO  CheckoutPage :88 - Select country[[ChromeDriver: chrome on WINDOWS (e7c001720201a035cc371ac62628f219)] -> id: BillingNewAddress_CountryId]
2023-05-16 15:05:606 INFO  CheckoutPage :90 - Select city[[ChromeDriver: chrome on WINDOWS (e7c001720201a035cc371ac62628f219)] -> id: BillingNewAddress_City]
2023-05-16 15:05:645 INFO  CheckoutPage :92 - Enter address[[ChromeDriver: chrome on WINDOWS (e7c001720201a035cc371ac62628f219)] -> id: BillingNewAddress_Address1]
2023-05-16 15:05:712 INFO  CheckoutPage :94 - Enter postcode[[ChromeDriver: chrome on WINDOWS (e7c001720201a035cc371ac62628f219)] -> id: BillingNewAddress_ZipPostalCode]
2023-05-16 15:05:761 INFO  CheckoutPage :96 - Enter phone number[[ChromeDriver: chrome on WINDOWS (e7c001720201a035cc371ac62628f219)] -> id: BillingNewAddress_PhoneNumber]
2023-05-16 15:05:811 INFO  CheckoutPage :98 - Click on continue button[[ChromeDriver: chrome on WINDOWS (e7c001720201a035cc371ac62628f219)] -> name: save]
2023-05-16 15:05:137 INFO  CheckoutPage :103 - Click on next day button[[ChromeDriver: chrome on WINDOWS (e7c001720201a035cc371ac62628f219)] -> id: shippingoption_1]
2023-05-16 15:05:194 INFO  CheckoutPage :108 - Click on continue[[ChromeDriver: chrome on WINDOWS (e7c001720201a035cc371ac62628f219)] -> xpath: //button[@onclick='ShippingMethod.save()']]
2023-05-16 15:05:476 INFO  PaymentPage :44 - CLick on credit card radio button[[ChromeDriver: chrome on WINDOWS (e7c001720201a035cc371ac62628f219)] -> id: paymentmethod_1]
2023-05-16 15:05:544 INFO  PaymentPage :49 - Click on continue[[ChromeDriver: chrome on WINDOWS (e7c001720201a035cc371ac62628f219)] -> xpath: //li[4]/div[2]/div[1]/button[1]]
2023-05-16 15:05:795 INFO  PaymentPage :54 - Select master card[[ChromeDriver: chrome on WINDOWS (e7c001720201a035cc371ac62628f219)] -> id: CreditCardType]
2023-05-16 15:05:871 INFO  PaymentPage :59 - Enter card holder name[[ChromeDriver: chrome on WINDOWS (e7c001720201a035cc371ac62628f219)] -> id: CardholderName]
2023-05-16 15:05:909 INFO  PaymentPage :61 - Enter card number[[ChromeDriver: chrome on WINDOWS (e7c001720201a035cc371ac62628f219)] -> id: CardNumber]
2023-05-16 15:05:996 INFO  PaymentPage :63 - Select expire month[[ChromeDriver: chrome on WINDOWS (e7c001720201a035cc371ac62628f219)] -> id: ExpireMonth]
2023-05-16 15:05:76 INFO  PaymentPage :65 - Select expire year[[ChromeDriver: chrome on WINDOWS (e7c001720201a035cc371ac62628f219)] -> id: ExpireYear]
2023-05-16 15:05:134 INFO  PaymentPage :67 - Enter card code[[ChromeDriver: chrome on WINDOWS (e7c001720201a035cc371ac62628f219)] -> id: CardCode]
2023-05-16 15:05:172 INFO  PaymentPage :69 - Click on continue button[[ChromeDriver: chrome on WINDOWS (e7c001720201a035cc371ac62628f219)] -> xpath: //li[5]/div[2]/div[1]/button[1]]
2023-05-16 15:05:437 INFO  ConfirmOrderPage :57 - Get credit card text[[ChromeDriver: chrome on WINDOWS (e7c001720201a035cc371ac62628f219)] -> xpath: //span[contains(text(),'Credit Card')]]
2023-05-16 15:05:465 INFO  ConfirmOrderPage :62 - Get next day air text[[ChromeDriver: chrome on WINDOWS (e7c001720201a035cc371ac62628f219)] -> xpath: //body/div[6]/div[3]/div[1]/div[1]/div[1]/div[2]/ol[1]/li[6]/div[2]/div[1]/div[1]/div[1]/div[1]/div[1]/div[2]/div[2]/ul[1]/li[1]/span[2]]
2023-05-16 15:05:490 INFO  ConfirmOrderPage :67 - Click on confirm button[[ChromeDriver: chrome on WINDOWS (e7c001720201a035cc371ac62628f219)] -> xpath: //button[contains(text(),'Confirm')]]
2023-05-16 15:05:198 INFO  ConfirmOrderPage :72 - Get thank you text[[ChromeDriver: chrome on WINDOWS (e7c001720201a035cc371ac62628f219)] -> xpath: //h1[contains(text(),'Thank you')]]
2023-05-16 15:05:232 INFO  ConfirmOrderPage :77 - Get success message[[ChromeDriver: chrome on WINDOWS (e7c001720201a035cc371ac62628f219)] -> xpath: //strong[contains(text(),'Your order has been successfully processed!')]]
2023-05-16 15:05:254 INFO  ConfirmOrderPage :82 - Click on continue button[[ChromeDriver: chrome on WINDOWS (e7c001720201a035cc371ac62628f219)] -> xpath: //button[contains(text(),'Continue')]]
2023-05-16 15:05:622 INFO  HomePage :40 - Get welcome to store text[[ChromeDriver: chrome on WINDOWS (e7c001720201a035cc371ac62628f219)] -> xpath: //h2[contains(text(),'Welcome to our store')]]
2023-05-16 15:05:336 INFO  TopMenuPage :42 - Verify Computer text[[ChromeDriver: chrome on WINDOWS (b9b9d30b59b5c33baa95f6192c8c95ee)] -> xpath: //a[@href='/computers']]
2023-05-16 15:05:857 INFO  TopMenuPage :47 - Verify electronics text[[ChromeDriver: chrome on WINDOWS (a017fde1fa83d2a4a1fce0aaecf61e76)] -> xpath: //a[@href='/electronics']]
2023-05-16 15:05:986 INFO  TopMenuPage :52 - Verify apparel text[[ChromeDriver: chrome on WINDOWS (1ca2a6ff257395e8a957e2631c7d2bd7)] -> xpath: //a[@href='/apparel']]
